     1                                  bits 32 ; assembling for the 32 bits architecture
     2                                  
     3                                  ; declare the EntryPoint (a label defining the very first instruction of the program)
     4                                  global start        
     5                                  
     6                                  ; declare external functions needed by our program
     7                                  extern exit               ; tell nasm that exit exists even if we won't be defining it
     8                                  import exit msvcrt.dll    ; exit is a function that ends the calling process. It is defined in msvcrt.dll
     9                                                            ; msvcrt.dll contains exit, printf and all the other important C-runtime specific functions
    10                                  
    11                                  ; our data is declared here (the variables needed by our program)
    12                                  segment data use32 class=data
    13 00000000 FF01                        a dw 511
    14 00000002 8A00                        b dw 138
    15 00000004 D700                        c dw 215 
    16 00000006 5B00                        d dw 91 
    17                                  
    18                                  ; our code starts here
    19                                  segment code use32 class=code
    20                                      start:
    21 00000000 668B1D[02000000]                mov bx, [b]
    22 00000007 66031D[04000000]                add bx, [c]
    23 0000000E 66031D[06000000]                add bx, [d]
    24                                          
    25 00000015 66A1[00000000]                  mov ax, [a]
    26 0000001B 660305[00000000]                add ax, [a]
    27                                  
    28 00000022 6629C3                          sub bx, ax
    29                                      
    30                                          ; exit(0)
    31 00000025 6A00                            push    dword 0      ; push the parameter for exit onto the stack
    32 00000027 FF15[00000000]                  call    [exit]       ; call exit to terminate the program
