     1                                  bits 32 ; assembling for the 32 bits architecture
     2                                  
     3                                  ; declare the EntryPoint (a label defining the very first instruction of the program)
     4                                  global start        
     5                                  
     6                                  ; declare external functions needed by our program
     7                                  extern exit               ; tell nasm that exit exists even if we won't be defining it
     8                                  import exit msvcrt.dll    ; exit is a function that ends the calling process. It is defined in msvcrt.dll
     9                                                            ; msvcrt.dll contains exit, printf and all the other important C-runtime specific functions
    10                                  
    11                                  ; our data is declared here (the variables needed by our program)
    12                                  segment data use32 class=data
    13 00000000 0A                          a db 10
    14 00000001 07                          b db 7
    15 00000002 09                          d db 9
    16                                  
    17                                  ; our code starts here
    18                                  segment code use32 class=code
    19                                      start:
    20 00000000 A0[00000000]                    mov al, [a]
    21 00000005 0205[01000000]                  add al, [b] 
    22 0000000B 2A05[02000000]                  sub al, [d]
    23                                          
    24 00000011 8A1D[00000000]                  mov bl, [a]
    25 00000017 2A1D[01000000]                  sub bl, [b]
    26 0000001D 2A1D[02000000]                  sub bl, [d]
    27                                          
    28 00000023 00D8                            add al, bl
    29                                          
    30                                      
    31                                          
    32 00000025 6A00                            push    dword 0      ; push the parameter for exit onto the stack
    33 00000027 FF15[00000000]                  call    [exit]       ; call exit to terminate the program
