     1                                  bits 32 ; assembling for the 32 bits architecture
     2                                  
     3                                  ; declare the EntryPoint (a label defining the very first instruction of the program)
     4                                  global start        
     5                                  
     6                                  ; declare external functions needed by our program
     7                                  extern exit               ; tell nasm that exit exists even if we won't be defining it
     8                                  import exit msvcrt.dll    ; exit is a function that ends the calling process. It is defined in msvcrt.dll
     9                                                            ; msvcrt.dll contains exit, printf and all the other important C-runtime specific functions
    10                                  
    11                                  ; our data is declared here (the variables needed by our program)
    12                                  segment data use32 class=data
    13 00000000 1300                        a dw 19
    14 00000002 1D00                        b dw 29 
    15 00000004 5000                        c dw 80
    16 00000006 F501                        d dw 501
    17                                  
    18                                  ; our code starts here
    19                                  segment code use32 class=code
    20                                      start:
    21 00000000 B800000000                      mov eax, 0
    22 00000005 BB00000000                      mov ebx, 0
    23 0000000A 66A1[06000000]                  mov ax, [d]
    24 00000010 662B05[04000000]                sub ax, [c]
    25                                          
    26 00000017 668B1D[02000000]                mov bx, [b]
    27 0000001E 66031D[02000000]                add bx, [b]
    28 00000025 662B1D[04000000]                sub bx, [c]
    29 0000002C 662B1D[00000000]                sub bx, [a]
    30                                          
    31 00000033 6601D8                          add ax, bx
    32 00000036 660305[06000000]                add ax, [d]
    33                                          
    34                                          
    35                                          
    36                                          ; exit(0)
    37 0000003D 6A00                            push    dword 0      ; push the parameter for exit onto the stack
    38 0000003F FF15[00000000]                  call    [exit]       ; call exit to terminate the program
