     1                                  bits 32 ; assembling for the 32 bits architecture
     2                                  
     3                                  ; declare the EntryPoint (a label defining the very first instruction of the program)
     4                                  global start        
     5                                  
     6                                  ; declare external functions needed by our program
     7                                  extern exit               ; tell nasm that exit exists even if we won't be defining it
     8                                  import exit msvcrt.dll    ; exit is a function that ends the calling process. It is defined in msvcrt.dll
     9                                                            ; msvcrt.dll contains exit, printf and all the other important C-runtime specific functions
    10                                  
    11                                  ; our data is declared here (the variables needed by our program)
    12                                  segment data use32 class=data
    13 00000000 0E                          a db 14
    14 00000001 49                          b db 73
    15 00000002 5B                          c db 91
    16 00000003 4503                        d dw 837
    17 00000005 03                          x db 3
    18                                  
    19                                  ; our code starts here
    20                                  segment code use32 class=code
    21                                      start:
    22 00000000 B800000000                      mov eax, 0
    23 00000005 BB00000000                      mov ebx, 0
    24                                          
    25 0000000A A0[00000000]                    mov al, [a]
    26 0000000F 0205[01000000]                  add al, [b]
    27 00000015 F625[05000000]                  mul byte [x]
    28                                          
    29 0000001B 8A1D[02000000]                  mov bl, [c]
    30 00000021 FE0D[05000000]                  dec byte [x]
    31 00000027 F625[05000000]                  mul byte [x]
    32                                          
    33 0000002D 28D8                            sub al, bl
    34 0000002F 0205[03000000]                  add al, [d]
    35                                          
    36                                          
    37                                      
    38                                          ; exit(0)
    39 00000035 6A00                            push    dword 0      ; push the parameter for exit onto the stack
    40 00000037 FF15[00000000]                  call    [exit]       ; call exit to terminate the program
