     1                                  bits 32 ; assembling for the 32 bits architecture
     2                                  
     3                                  ; declare the EntryPoint (a label defining the very first instruction of the program)
     4                                  global start        
     5                                  
     6                                  ; declare external functions needed by our program
     7                                  extern exit               ; tell nasm that exit exists even if we won't be defining it
     8                                  import exit msvcrt.dll    ; exit is a function that ends the calling process. It is defined in msvcrt.dll
     9                                                            ; msvcrt.dll contains exit, printf and all the other important C-runtime specific functions
    10                                  
    11                                  ; our data is declared here (the variables needed by our program)
    12                                  segment data use32 class=data
    13 00000000 07                          a db 7
    14 00000001 0C                          b db 12
    15 00000002 0F                          c db 15 
    16 00000003 05                          d db 5
    17                                  
    18                                  ; our code starts here
    19                                  segment code use32 class=code
    20                                      start:
    21 00000000 B800000000                      mov eax, 0
    22 00000005 BB00000000                      mov ebx, 0
    23                                          
    24 0000000A A0[00000000]                    mov al, [a]
    25 0000000F 2A05[02000000]                  sub al, [c]
    26                                          
    27 00000015 8A1D[01000000]                  mov bl, [b]
    28 0000001B 021D[01000000]                  add bl, [b]
    29 00000021 021D[03000000]                  add bl, [d]
    30                                          
    31 00000027 00D8                            add al, bl
    32                                      
    33                                          ; exit(0)
    34 00000029 6A00                            push    dword 0      ; push the parameter for exit onto the stack
    35 0000002B FF15[00000000]                  call    [exit]       ; call exit to terminate the program
