     1                                  bits 32 ; assembling for the 32 bits architecture
     2                                  
     3                                  ; declare the EntryPoint (a label defining the very first instruction of the program)
     4                                  global start        
     5                                  
     6                                  ; declare external functions needed by our program
     7                                  extern exit               ; tell nasm that exit exists even if we won't be defining it
     8                                  import exit msvcrt.dll    ; exit is a function that ends the calling process. It is defined in msvcrt.dll
     9                                                            ; msvcrt.dll contains exit, printf and all the other important C-runtime specific functions
    10                                  
    11                                  ; our data is declared here (the variables needed by our program)
    12                                  segment data use32 class=data
    13 00000000 07                          a db 7
    14 00000001 0A                          b db 10
    15 00000002 BC02                        e dw 700
    16 00000004 02                          x db 2
    17                                  
    18                                  ; our code starts here
    19                                  segment code use32 class=code
    20                                      start:
    21 00000000 B800000000                      mov eax, 0
    22                                          
    23 00000005 A0[00000000]                    mov al, [a]
    24 0000000A 0205[01000000]                  add al, [b]
    25 00000010 F625[04000000]                  mul byte [x]
    26                                          
    27 00000016 2A05[02000000]                  sub al, [e]
    28                                      
    29                                          ; exit(0)
    30 0000001C 6A00                            push    dword 0      ; push the parameter for exit onto the stack
    31 0000001E FF15[00000000]                  call    [exit]       ; call exit to terminate the program
